<?xml version="1.0" encoding="UTF-8"?>
<!-- Generated by org.testng.reporters.JUnitReportReporter -->
<testsuite hostname="DESKTOP-5319NRR" failures="0" tests="2" name="tests.Create_Lead_Test" time="54.460" errors="0" timestamp="2024-04-16T15:32:31 IST" skipped="0">
  <testcase classname="tests.Create_Lead_Test" name="createLrun" time="25.442"/>
  <system-out/>
  <testcase classname="tests.Create_Lead_Test" name="createLrun" time="29.018"/>
  <system-out/>
</testsuite> <!-- tests.Create_Lead_Test -->
